The system is: Linux - 3.10.0-1062.el7.x86_64 - x86_64
Compiling the Fortran compiler identification source file "CMakeFortranCompilerId.F" succeeded.
Compiler: /opt/ohpc/pub/mpi/openmpi3-gnu8/3.1.4/bin/mpif90 
Build flags: 
Id flags: -v 

The output was:
0
Driving: /opt/ohpc/pub/compiler/gcc/8.3.0/bin/gfortran -v CMakeFortranCompilerId.F -I/opt/ohpc/pub/mpi/openmpi3-gnu8/3.1.4/include -pthread -I/opt/ohpc/pub/mpi/openmpi3-gnu8/3.1.4/lib -Wl,-rpath -Wl,/opt/ohpc/pub/mpi/openmpi3-gnu8/3.1.4/lib -Wl,--enable-new-dtags -L/opt/ohpc/pub/mpi/openmpi3-gnu8/3.1.4/lib -lmpi_usempif08 -lmpi_usempi_ignore_tkr -lmpi_mpifh -lmpi -l gfortran -l m -shared-libgcc
Using built-in specs.
COLLECT_GCC=/opt/ohpc/pub/compiler/gcc/8.3.0/bin/gfortran
COLLECT_LTO_WRAPPER=/opt2/ohpc/pub/compiler/gcc/8.3.0/bin/../libexec/gcc/x86_64-pc-linux-gnu/8.3.0/lto-wrapper
Target: x86_64-pc-linux-gnu
Configured with: ../configure --disable-multilib --enable-languages=c,c++,fortran --prefix=/opt/ohpc/pub/compiler/gcc/8.3.0 --disable-static --enable-shared
Thread model: posix
gcc version 8.3.0 (GCC) 
COLLECT_GCC_OPTIONS='-v' '-I' '/opt/ohpc/pub/mpi/openmpi3-gnu8/3.1.4/include' '-pthread' '-I' '/opt/ohpc/pub/mpi/openmpi3-gnu8/3.1.4/lib' '-L/opt/ohpc/pub/mpi/openmpi3-gnu8/3.1.4/lib' '-shared-libgcc' '-mtune=generic' '-march=x86-64'
 /opt2/ohpc/pub/compiler/gcc/8.3.0/bin/../libexec/gcc/x86_64-pc-linux-gnu/8.3.0/f951 CMakeFortranCompilerId.F -ffixed-form -cpp=/tmp/ccFJvBR3.f90 -quiet -v -I /opt/ohpc/pub/mpi/openmpi3-gnu8/3.1.4/include -I /opt/ohpc/pub/mpi/openmpi3-gnu8/3.1.4/lib -iprefix /opt2/ohpc/pub/compiler/gcc/8.3.0/bin/../lib/gcc/x86_64-pc-linux-gnu/8.3.0/ -D_REENTRANT CMakeFortranCompilerId.F -quiet -dumpbase CMakeFortranCompilerId.F -mtune=generic -march=x86-64 -auxbase CMakeFortranCompilerId -version -fintrinsic-modules-path /opt2/ohpc/pub/compiler/gcc/8.3.0/bin/../lib/gcc/x86_64-pc-linux-gnu/8.3.0/finclude -o /tmp/cczMyyic.s
GNU Fortran (GCC) version 8.3.0 (x86_64-pc-linux-gnu)
	compiled by GNU C version 8.3.0, GMP version 6.1.2, MPFR version 3.1.6, MPC version 1.0.3, isl version none
GGC heuristics: --param ggc-min-expand=100 --param ggc-min-heapsize=131072
ignoring nonexistent directory "/opt2/ohpc/pub/compiler/gcc/8.3.0/bin/../lib/gcc/x86_64-pc-linux-gnu/8.3.0/../../../../x86_64-pc-linux-gnu/include"
ignoring duplicate directory "/opt2/ohpc/pub/compiler/gcc/8.3.0/bin/../lib/gcc/../../lib/gcc/x86_64-pc-linux-gnu/8.3.0/include"
ignoring duplicate directory "/opt2/ohpc/pub/compiler/gcc/8.3.0/bin/../lib/gcc/../../lib/gcc/x86_64-pc-linux-gnu/8.3.0/include-fixed"
ignoring nonexistent directory "/opt2/ohpc/pub/compiler/gcc/8.3.0/bin/../lib/gcc/../../lib/gcc/x86_64-pc-linux-gnu/8.3.0/../../../../x86_64-pc-linux-gnu/include"
#include "..." search starts here:
#include <...> search starts here:
 /opt/ohpc/pub/mpi/openmpi3-gnu8/3.1.4/include
 /opt/ohpc/pub/mpi/openmpi3-gnu8/3.1.4/lib
 /opt2/ohpc/pub/compiler/gcc/8.3.0/bin/../lib/gcc/x86_64-pc-linux-gnu/8.3.0/finclude
 /opt2/ohpc/pub/compiler/gcc/8.3.0/bin/../lib/gcc/x86_64-pc-linux-gnu/8.3.0/include
 /opt2/ohpc/pub/compiler/gcc/8.3.0/bin/../lib/gcc/x86_64-pc-linux-gnu/8.3.0/include-fixed
 /usr/local/include
 /opt2/ohpc/pub/compiler/gcc/8.3.0/bin/../lib/gcc/../../include
 /usr/include
End of search list.
GNU Fortran2008 (GCC) version 8.3.0 (x86_64-pc-linux-gnu)
	compiled by GNU C version 8.3.0, GMP version 6.1.2, MPFR version 3.1.6, MPC version 1.0.3, isl version none
GGC heuristics: --param ggc-min-expand=100 --param ggc-min-heapsize=131072
COLLECT_GCC_OPTIONS='-v' '-I' '/opt/ohpc/pub/mpi/openmpi3-gnu8/3.1.4/include' '-pthread' '-I' '/opt/ohpc/pub/mpi/openmpi3-gnu8/3.1.4/lib' '-L/opt/ohpc/pub/mpi/openmpi3-gnu8/3.1.4/lib' '-shared-libgcc' '-mtune=generic' '-march=x86-64'
 as -v -I /opt/ohpc/pub/mpi/openmpi3-gnu8/3.1.4/include -I /opt/ohpc/pub/mpi/openmpi3-gnu8/3.1.4/lib --64 -o /tmp/ccdwRq4k.o /tmp/cczMyyic.s
GNU assembler version 2.27 (x86_64-redhat-linux) using BFD version version 2.27-41.base.el7
Reading specs from /opt2/ohpc/pub/compiler/gcc/8.3.0/bin/../lib/gcc/x86_64-pc-linux-gnu/8.3.0/../../../../lib64/libgfortran.spec
rename spec lib to liborig
COLLECT_GCC_OPTIONS='-v' '-I' '/opt/ohpc/pub/mpi/openmpi3-gnu8/3.1.4/include' '-pthread' '-I' '/opt/ohpc/pub/mpi/openmpi3-gnu8/3.1.4/lib' '-L/opt/ohpc/pub/mpi/openmpi3-gnu8/3.1.4/lib' '-shared-libgcc' '-mtune=generic' '-march=x86-64'
COMPILER_PATH=/opt2/ohpc/pub/compiler/gcc/8.3.0/bin/../libexec/gcc/x86_64-pc-linux-gnu/8.3.0/:/opt2/ohpc/pub/compiler/gcc/8.3.0/bin/../libexec/gcc/
LIBRARY_PATH=/opt2/ohpc/pub/compiler/gcc/8.3.0/bin/../lib/gcc/x86_64-pc-linux-gnu/8.3.0/:/opt2/ohpc/pub/compiler/gcc/8.3.0/bin/../lib/gcc/:/opt2/ohpc/pub/compiler/gcc/8.3.0/bin/../lib/gcc/x86_64-pc-linux-gnu/8.3.0/../../../../lib64/:/lib/../lib64/:/usr/lib/../lib64/:/home/lcrippa/opt/dmft_tools/gnu/for_slurm/1.2.13a-61-gaeda1d2/lib/:/home/lcrippa/opt/scifor/gnu/for_slurm/4.7.3/lib/:/opt2/ohpc/pub/compiler/gcc/8.3.0/bin/../lib/gcc/x86_64-pc-linux-gnu/8.3.0/../../../:/lib/:/usr/lib/
COLLECT_GCC_OPTIONS='-v' '-I' '/opt/ohpc/pub/mpi/openmpi3-gnu8/3.1.4/include' '-pthread' '-I' '/opt/ohpc/pub/mpi/openmpi3-gnu8/3.1.4/lib' '-L/opt/ohpc/pub/mpi/openmpi3-gnu8/3.1.4/lib' '-shared-libgcc' '-mtune=generic' '-march=x86-64'
 /opt2/ohpc/pub/compiler/gcc/8.3.0/bin/../libexec/gcc/x86_64-pc-linux-gnu/8.3.0/collect2 -plugin /opt2/ohpc/pub/compiler/gcc/8.3.0/bin/../libexec/gcc/x86_64-pc-linux-gnu/8.3.0/liblto_plugin.so -plugin-opt=/opt2/ohpc/pub/compiler/gcc/8.3.0/bin/../libexec/gcc/x86_64-pc-linux-gnu/8.3.0/lto-wrapper -plugin-opt=-fresolution=/tmp/ccetEOou.res -plugin-opt=-pass-through=-lgcc_s -plugin-opt=-pass-through=-lgcc -plugin-opt=-pass-through=-lquadmath -plugin-opt=-pass-through=-lm -plugin-opt=-pass-through=-lgcc_s -plugin-opt=-pass-through=-lgcc -plugin-opt=-pass-through=-lpthread -plugin-opt=-pass-through=-lc -plugin-opt=-pass-through=-lgcc_s -plugin-opt=-pass-through=-lgcc --eh-frame-hdr -m elf_x86_64 -dynamic-linker /lib64/ld-linux-x86-64.so.2 /lib/../lib64/crt1.o /lib/../lib64/crti.o /opt2/ohpc/pub/compiler/gcc/8.3.0/bin/../lib/gcc/x86_64-pc-linux-gnu/8.3.0/crtbegin.o -L/opt/ohpc/pub/mpi/openmpi3-gnu8/3.1.4/lib -L/opt2/ohpc/pub/compiler/gcc/8.3.0/bin/../lib/gcc/x86_64-pc-linux-gnu/8.3.0 -L/opt2/ohpc/pub/compiler/gcc/8.3.0/bin/../lib/gcc -L/opt2/ohpc/pub/compiler/gcc/8.3.0/bin/../lib/gcc/x86_64-pc-linux-gnu/8.3.0/../../../../lib64 -L/lib/../lib64 -L/usr/lib/../lib64 -L/home/lcrippa/opt/dmft_tools/gnu/for_slurm/1.2.13a-61-gaeda1d2/lib -L/home/lcrippa/opt/scifor/gnu/for_slurm/4.7.3/lib -L/opt2/ohpc/pub/compiler/gcc/8.3.0/bin/../lib/gcc/x86_64-pc-linux-gnu/8.3.0/../../.. /tmp/ccdwRq4k.o -rpath /opt/ohpc/pub/mpi/openmpi3-gnu8/3.1.4/lib --enable-new-dtags -lmpi_usempif08 -lmpi_usempi_ignore_tkr -lmpi_mpifh -lmpi -lgfortran -lm -lgcc_s -lgcc -lquadmath -lm -lgcc_s -lgcc -lpthread -lc -lgcc_s -lgcc /opt2/ohpc/pub/compiler/gcc/8.3.0/bin/../lib/gcc/x86_64-pc-linux-gnu/8.3.0/crtend.o /lib/../lib64/crtn.o
COLLECT_GCC_OPTIONS='-v' '-I' '/opt/ohpc/pub/mpi/openmpi3-gnu8/3.1.4/include' '-pthread' '-I' '/opt/ohpc/pub/mpi/openmpi3-gnu8/3.1.4/lib' '-L/opt/ohpc/pub/mpi/openmpi3-gnu8/3.1.4/lib' '-shared-libgcc' '-mtune=generic' '-march=x86-64'


Compilation of the Fortran compiler identification source "CMakeFortranCompilerId.F" produced "a.out"

The Fortran compiler identification is GNU, found in "/home/lcrippa/tools/DMFTtools/build_new_cluster/CMakeFiles/3.15.4/CompilerIdFortran/a.out"

Determining if the Fortran compiler works passed with the following output:
Change Dir: /home/lcrippa/tools/DMFTtools/build_new_cluster/CMakeFiles/CMakeTmp

Run Build Command(s):/usr/bin/gmake cmTC_7ffd0/fast && /usr/bin/gmake -f CMakeFiles/cmTC_7ffd0.dir/build.make CMakeFiles/cmTC_7ffd0.dir/build
gmake[1]: Entering directory `/home/lcrippa/tools/DMFTtools/build_new_cluster/CMakeFiles/CMakeTmp'
Building Fortran object CMakeFiles/cmTC_7ffd0.dir/testFortranCompiler.f.o
/opt/ohpc/pub/mpi/openmpi3-gnu8/3.1.4/bin/mpif90    -c /home/lcrippa/tools/DMFTtools/build_new_cluster/CMakeFiles/CMakeTmp/testFortranCompiler.f -o CMakeFiles/cmTC_7ffd0.dir/testFortranCompiler.f.o
Linking Fortran executable cmTC_7ffd0
/opt2/ohpc/pub/utils/cmake/3.15.4/bin/cmake -E cmake_link_script CMakeFiles/cmTC_7ffd0.dir/link.txt --verbose=1
/opt/ohpc/pub/mpi/openmpi3-gnu8/3.1.4/bin/mpif90      CMakeFiles/cmTC_7ffd0.dir/testFortranCompiler.f.o  -o cmTC_7ffd0 
gmake[1]: Leaving directory `/home/lcrippa/tools/DMFTtools/build_new_cluster/CMakeFiles/CMakeTmp'



Detecting Fortran compiler ABI info compiled with the following output:
Change Dir: /home/lcrippa/tools/DMFTtools/build_new_cluster/CMakeFiles/CMakeTmp

Run Build Command(s):/usr/bin/gmake cmTC_777d6/fast && /usr/bin/gmake -f CMakeFiles/cmTC_777d6.dir/build.make CMakeFiles/cmTC_777d6.dir/build
gmake[1]: Entering directory `/home/lcrippa/tools/DMFTtools/build_new_cluster/CMakeFiles/CMakeTmp'
Building Fortran object CMakeFiles/cmTC_777d6.dir/CMakeFortranCompilerABI.F.o
/opt/ohpc/pub/mpi/openmpi3-gnu8/3.1.4/bin/mpif90   -v -c /opt2/ohpc/pub/utils/cmake/3.15.4/share/cmake-3.15/Modules/CMakeFortranCompilerABI.F -o CMakeFiles/cmTC_777d6.dir/CMakeFortranCompilerABI.F.o
Using built-in specs.
COLLECT_GCC=/opt/ohpc/pub/compiler/gcc/8.3.0/bin/gfortran
Target: x86_64-pc-linux-gnu
Configured with: ../configure --disable-multilib --enable-languages=c,c++,fortran --prefix=/opt/ohpc/pub/compiler/gcc/8.3.0 --disable-static --enable-shared
Thread model: posix
gcc version 8.3.0 (GCC) 
COLLECT_GCC_OPTIONS='-v' '-c' '-o' 'CMakeFiles/cmTC_777d6.dir/CMakeFortranCompilerABI.F.o' '-I' '/opt/ohpc/pub/mpi/openmpi3-gnu8/3.1.4/include' '-pthread' '-I' '/opt/ohpc/pub/mpi/openmpi3-gnu8/3.1.4/lib' '-mtune=generic' '-march=x86-64'
 /opt2/ohpc/pub/compiler/gcc/8.3.0/bin/../libexec/gcc/x86_64-pc-linux-gnu/8.3.0/f951 /opt2/ohpc/pub/utils/cmake/3.15.4/share/cmake-3.15/Modules/CMakeFortranCompilerABI.F -ffixed-form -cpp=/tmp/ccQ6SARI.f90 -quiet -v -I /opt/ohpc/pub/mpi/openmpi3-gnu8/3.1.4/include -I /opt/ohpc/pub/mpi/openmpi3-gnu8/3.1.4/lib -iprefix /opt2/ohpc/pub/compiler/gcc/8.3.0/bin/../lib/gcc/x86_64-pc-linux-gnu/8.3.0/ -D_REENTRANT /opt2/ohpc/pub/utils/cmake/3.15.4/share/cmake-3.15/Modules/CMakeFortranCompilerABI.F -quiet -dumpbase CMakeFortranCompilerABI.F -mtune=generic -march=x86-64 -auxbase-strip CMakeFiles/cmTC_777d6.dir/CMakeFortranCompilerABI.F.o -version -fintrinsic-modules-path /opt2/ohpc/pub/compiler/gcc/8.3.0/bin/../lib/gcc/x86_64-pc-linux-gnu/8.3.0/finclude -o /tmp/cc6P7hDl.s
GNU Fortran (GCC) version 8.3.0 (x86_64-pc-linux-gnu)
	compiled by GNU C version 8.3.0, GMP version 6.1.2, MPFR version 3.1.6, MPC version 1.0.3, isl version none
GGC heuristics: --param ggc-min-expand=100 --param ggc-min-heapsize=131072
ignoring nonexistent directory "/opt2/ohpc/pub/compiler/gcc/8.3.0/bin/../lib/gcc/x86_64-pc-linux-gnu/8.3.0/../../../../x86_64-pc-linux-gnu/include"
ignoring duplicate directory "/opt2/ohpc/pub/compiler/gcc/8.3.0/bin/../lib/gcc/../../lib/gcc/x86_64-pc-linux-gnu/8.3.0/include"
ignoring duplicate directory "/opt2/ohpc/pub/compiler/gcc/8.3.0/bin/../lib/gcc/../../lib/gcc/x86_64-pc-linux-gnu/8.3.0/include-fixed"
ignoring nonexistent directory "/opt2/ohpc/pub/compiler/gcc/8.3.0/bin/../lib/gcc/../../lib/gcc/x86_64-pc-linux-gnu/8.3.0/../../../../x86_64-pc-linux-gnu/include"
#include "..." search starts here:
#include <...> search starts here:
 /opt/ohpc/pub/mpi/openmpi3-gnu8/3.1.4/include
 /opt/ohpc/pub/mpi/openmpi3-gnu8/3.1.4/lib
 /opt2/ohpc/pub/compiler/gcc/8.3.0/bin/../lib/gcc/x86_64-pc-linux-gnu/8.3.0/finclude
 /opt2/ohpc/pub/compiler/gcc/8.3.0/bin/../lib/gcc/x86_64-pc-linux-gnu/8.3.0/include
 /opt2/ohpc/pub/compiler/gcc/8.3.0/bin/../lib/gcc/x86_64-pc-linux-gnu/8.3.0/include-fixed
 /usr/local/include
 /opt2/ohpc/pub/compiler/gcc/8.3.0/bin/../lib/gcc/../../include
 /usr/include
End of search list.
GNU Fortran2008 (GCC) version 8.3.0 (x86_64-pc-linux-gnu)
	compiled by GNU C version 8.3.0, GMP version 6.1.2, MPFR version 3.1.6, MPC version 1.0.3, isl version none
GGC heuristics: --param ggc-min-expand=100 --param ggc-min-heapsize=131072
COLLECT_GCC_OPTIONS='-v' '-c' '-o' 'CMakeFiles/cmTC_777d6.dir/CMakeFortranCompilerABI.F.o' '-I' '/opt/ohpc/pub/mpi/openmpi3-gnu8/3.1.4/include' '-pthread' '-I' '/opt/ohpc/pub/mpi/openmpi3-gnu8/3.1.4/lib' '-mtune=generic' '-march=x86-64'
 as -v -I /opt/ohpc/pub/mpi/openmpi3-gnu8/3.1.4/include -I /opt/ohpc/pub/mpi/openmpi3-gnu8/3.1.4/lib --64 -o CMakeFiles/cmTC_777d6.dir/CMakeFortranCompilerABI.F.o /tmp/cc6P7hDl.s
GNU assembler version 2.27 (x86_64-redhat-linux) using BFD version version 2.27-41.base.el7
COMPILER_PATH=/opt2/ohpc/pub/compiler/gcc/8.3.0/bin/../libexec/gcc/x86_64-pc-linux-gnu/8.3.0/:/opt2/ohpc/pub/compiler/gcc/8.3.0/bin/../libexec/gcc/
LIBRARY_PATH=/opt2/ohpc/pub/compiler/gcc/8.3.0/bin/../lib/gcc/x86_64-pc-linux-gnu/8.3.0/:/opt2/ohpc/pub/compiler/gcc/8.3.0/bin/../lib/gcc/:/opt2/ohpc/pub/compiler/gcc/8.3.0/bin/../lib/gcc/x86_64-pc-linux-gnu/8.3.0/../../../../lib64/:/lib/../lib64/:/usr/lib/../lib64/:/home/lcrippa/opt/dmft_tools/gnu/for_slurm/1.2.13a-61-gaeda1d2/lib/:/home/lcrippa/opt/scifor/gnu/for_slurm/4.7.3/lib/:/opt2/ohpc/pub/compiler/gcc/8.3.0/bin/../lib/gcc/x86_64-pc-linux-gnu/8.3.0/../../../:/lib/:/usr/lib/
COLLECT_GCC_OPTIONS='-v' '-c' '-o' 'CMakeFiles/cmTC_777d6.dir/CMakeFortranCompilerABI.F.o' '-I' '/opt/ohpc/pub/mpi/openmpi3-gnu8/3.1.4/include' '-pthread' '-I' '/opt/ohpc/pub/mpi/openmpi3-gnu8/3.1.4/lib' '-mtune=generic' '-march=x86-64'
Linking Fortran executable cmTC_777d6
/opt2/ohpc/pub/utils/cmake/3.15.4/bin/cmake -E cmake_link_script CMakeFiles/cmTC_777d6.dir/link.txt --verbose=1
/opt/ohpc/pub/mpi/openmpi3-gnu8/3.1.4/bin/mpif90   -v   CMakeFiles/cmTC_777d6.dir/CMakeFortranCompilerABI.F.o  -o cmTC_777d6 
Driving: /opt/ohpc/pub/compiler/gcc/8.3.0/bin/gfortran -v CMakeFiles/cmTC_777d6.dir/CMakeFortranCompilerABI.F.o -o cmTC_777d6 -I/opt/ohpc/pub/mpi/openmpi3-gnu8/3.1.4/include -pthread -I/opt/ohpc/pub/mpi/openmpi3-gnu8/3.1.4/lib -Wl,-rpath -Wl,/opt/ohpc/pub/mpi/openmpi3-gnu8/3.1.4/lib -Wl,--enable-new-dtags -L/opt/ohpc/pub/mpi/openmpi3-gnu8/3.1.4/lib -lmpi_usempif08 -lmpi_usempi_ignore_tkr -lmpi_mpifh -lmpi -l gfortran -l m -shared-libgcc
Using built-in specs.
COLLECT_GCC=/opt/ohpc/pub/compiler/gcc/8.3.0/bin/gfortran
COLLECT_LTO_WRAPPER=/opt2/ohpc/pub/compiler/gcc/8.3.0/bin/../libexec/gcc/x86_64-pc-linux-gnu/8.3.0/lto-wrapper
Target: x86_64-pc-linux-gnu
Configured with: ../configure --disable-multilib --enable-languages=c,c++,fortran --prefix=/opt/ohpc/pub/compiler/gcc/8.3.0 --disable-static --enable-shared
Thread model: posix
gcc version 8.3.0 (GCC) 
Reading specs from /opt2/ohpc/pub/compiler/gcc/8.3.0/bin/../lib/gcc/x86_64-pc-linux-gnu/8.3.0/../../../../lib64/libgfortran.spec
rename spec lib to liborig
COLLECT_GCC_OPTIONS='-v' '-o' 'cmTC_777d6' '-I' '/opt/ohpc/pub/mpi/openmpi3-gnu8/3.1.4/include' '-pthread' '-I' '/opt/ohpc/pub/mpi/openmpi3-gnu8/3.1.4/lib' '-L/opt/ohpc/pub/mpi/openmpi3-gnu8/3.1.4/lib' '-shared-libgcc' '-mtune=generic' '-march=x86-64'
COMPILER_PATH=/opt2/ohpc/pub/compiler/gcc/8.3.0/bin/../libexec/gcc/x86_64-pc-linux-gnu/8.3.0/:/opt2/ohpc/pub/compiler/gcc/8.3.0/bin/../libexec/gcc/
LIBRARY_PATH=/opt2/ohpc/pub/compiler/gcc/8.3.0/bin/../lib/gcc/x86_64-pc-linux-gnu/8.3.0/:/opt2/ohpc/pub/compiler/gcc/8.3.0/bin/../lib/gcc/:/opt2/ohpc/pub/compiler/gcc/8.3.0/bin/../lib/gcc/x86_64-pc-linux-gnu/8.3.0/../../../../lib64/:/lib/../lib64/:/usr/lib/../lib64/:/home/lcrippa/opt/dmft_tools/gnu/for_slurm/1.2.13a-61-gaeda1d2/lib/:/home/lcrippa/opt/scifor/gnu/for_slurm/4.7.3/lib/:/opt2/ohpc/pub/compiler/gcc/8.3.0/bin/../lib/gcc/x86_64-pc-linux-gnu/8.3.0/../../../:/lib/:/usr/lib/
COLLECT_GCC_OPTIONS='-v' '-o' 'cmTC_777d6' '-I' '/opt/ohpc/pub/mpi/openmpi3-gnu8/3.1.4/include' '-pthread' '-I' '/opt/ohpc/pub/mpi/openmpi3-gnu8/3.1.4/lib' '-L/opt/ohpc/pub/mpi/openmpi3-gnu8/3.1.4/lib' '-shared-libgcc' '-mtune=generic' '-march=x86-64'
 /opt2/ohpc/pub/compiler/gcc/8.3.0/bin/../libexec/gcc/x86_64-pc-linux-gnu/8.3.0/collect2 -plugin /opt2/ohpc/pub/compiler/gcc/8.3.0/bin/../libexec/gcc/x86_64-pc-linux-gnu/8.3.0/liblto_plugin.so -plugin-opt=/opt2/ohpc/pub/compiler/gcc/8.3.0/bin/../libexec/gcc/x86_64-pc-linux-gnu/8.3.0/lto-wrapper -plugin-opt=-fresolution=/tmp/ccLgUM4L.res -plugin-opt=-pass-through=-lgcc_s -plugin-opt=-pass-through=-lgcc -plugin-opt=-pass-through=-lquadmath -plugin-opt=-pass-through=-lm -plugin-opt=-pass-through=-lgcc_s -plugin-opt=-pass-through=-lgcc -plugin-opt=-pass-through=-lpthread -plugin-opt=-pass-through=-lc -plugin-opt=-pass-through=-lgcc_s -plugin-opt=-pass-through=-lgcc --eh-frame-hdr -m elf_x86_64 -dynamic-linker /lib64/ld-linux-x86-64.so.2 -o cmTC_777d6 /lib/../lib64/crt1.o /lib/../lib64/crti.o /opt2/ohpc/pub/compiler/gcc/8.3.0/bin/../lib/gcc/x86_64-pc-linux-gnu/8.3.0/crtbegin.o -L/opt/ohpc/pub/mpi/openmpi3-gnu8/3.1.4/lib -L/opt2/ohpc/pub/compiler/gcc/8.3.0/bin/../lib/gcc/x86_64-pc-linux-gnu/8.3.0 -L/opt2/ohpc/pub/compiler/gcc/8.3.0/bin/../lib/gcc -L/opt2/ohpc/pub/compiler/gcc/8.3.0/bin/../lib/gcc/x86_64-pc-linux-gnu/8.3.0/../../../../lib64 -L/lib/../lib64 -L/usr/lib/../lib64 -L/home/lcrippa/opt/dmft_tools/gnu/for_slurm/1.2.13a-61-gaeda1d2/lib -L/home/lcrippa/opt/scifor/gnu/for_slurm/4.7.3/lib -L/opt2/ohpc/pub/compiler/gcc/8.3.0/bin/../lib/gcc/x86_64-pc-linux-gnu/8.3.0/../../.. CMakeFiles/cmTC_777d6.dir/CMakeFortranCompilerABI.F.o -rpath /opt/ohpc/pub/mpi/openmpi3-gnu8/3.1.4/lib --enable-new-dtags -lmpi_usempif08 -lmpi_usempi_ignore_tkr -lmpi_mpifh -lmpi -lgfortran -lm -lgcc_s -lgcc -lquadmath -lm -lgcc_s -lgcc -lpthread -lc -lgcc_s -lgcc /opt2/ohpc/pub/compiler/gcc/8.3.0/bin/../lib/gcc/x86_64-pc-linux-gnu/8.3.0/crtend.o /lib/../lib64/crtn.o
COLLECT_GCC_OPTIONS='-v' '-o' 'cmTC_777d6' '-I' '/opt/ohpc/pub/mpi/openmpi3-gnu8/3.1.4/include' '-pthread' '-I' '/opt/ohpc/pub/mpi/openmpi3-gnu8/3.1.4/lib' '-L/opt/ohpc/pub/mpi/openmpi3-gnu8/3.1.4/lib' '-shared-libgcc' '-mtune=generic' '-march=x86-64'
gmake[1]: Leaving directory `/home/lcrippa/tools/DMFTtools/build_new_cluster/CMakeFiles/CMakeTmp'



Parsed Fortran implicit include dir info from above output: rv=done
  found start of include info
  found start of implicit include info
    add: [/opt/ohpc/pub/mpi/openmpi3-gnu8/3.1.4/include]
    add: [/opt/ohpc/pub/mpi/openmpi3-gnu8/3.1.4/lib]
    add: [/opt2/ohpc/pub/compiler/gcc/8.3.0/bin/../lib/gcc/x86_64-pc-linux-gnu/8.3.0/finclude]
    add: [/opt2/ohpc/pub/compiler/gcc/8.3.0/bin/../lib/gcc/x86_64-pc-linux-gnu/8.3.0/include]
    add: [/opt2/ohpc/pub/compiler/gcc/8.3.0/bin/../lib/gcc/x86_64-pc-linux-gnu/8.3.0/include-fixed]
    add: [/usr/local/include]
    add: [/opt2/ohpc/pub/compiler/gcc/8.3.0/bin/../lib/gcc/../../include]
    add: [/usr/include]
  end of search list found
  collapse include dir [/opt/ohpc/pub/mpi/openmpi3-gnu8/3.1.4/include] ==> [/opt/ohpc/pub/mpi/openmpi3-gnu8/3.1.4/include]
  collapse include dir [/opt/ohpc/pub/mpi/openmpi3-gnu8/3.1.4/lib] ==> [/opt/ohpc/pub/mpi/openmpi3-gnu8/3.1.4/lib]
  collapse include dir [/opt2/ohpc/pub/compiler/gcc/8.3.0/bin/../lib/gcc/x86_64-pc-linux-gnu/8.3.0/finclude] ==> [/opt2/ohpc/pub/compiler/gcc/8.3.0/lib/gcc/x86_64-pc-linux-gnu/8.3.0/finclude]
  collapse include dir [/opt2/ohpc/pub/compiler/gcc/8.3.0/bin/../lib/gcc/x86_64-pc-linux-gnu/8.3.0/include] ==> [/opt2/ohpc/pub/compiler/gcc/8.3.0/lib/gcc/x86_64-pc-linux-gnu/8.3.0/include]
  collapse include dir [/opt2/ohpc/pub/compiler/gcc/8.3.0/bin/../lib/gcc/x86_64-pc-linux-gnu/8.3.0/include-fixed] ==> [/opt2/ohpc/pub/compiler/gcc/8.3.0/lib/gcc/x86_64-pc-linux-gnu/8.3.0/include-fixed]
  collapse include dir [/usr/local/include] ==> [/usr/local/include]
  collapse include dir [/opt2/ohpc/pub/compiler/gcc/8.3.0/bin/../lib/gcc/../../include] ==> [/opt2/ohpc/pub/compiler/gcc/8.3.0/include]
  collapse include dir [/usr/include] ==> [/usr/include]
  implicit include dirs: [/opt/ohpc/pub/mpi/openmpi3-gnu8/3.1.4/include;/opt/ohpc/pub/mpi/openmpi3-gnu8/3.1.4/lib;/opt2/ohpc/pub/compiler/gcc/8.3.0/lib/gcc/x86_64-pc-linux-gnu/8.3.0/finclude;/opt2/ohpc/pub/compiler/gcc/8.3.0/lib/gcc/x86_64-pc-linux-gnu/8.3.0/include;/opt2/ohpc/pub/compiler/gcc/8.3.0/lib/gcc/x86_64-pc-linux-gnu/8.3.0/include-fixed;/usr/local/include;/opt2/ohpc/pub/compiler/gcc/8.3.0/include;/usr/include]


Parsed Fortran implicit link information from above output:
  link line regex: [^( *|.*[/\])(ld|CMAKE_LINK_STARTFILE-NOTFOUND|([^/\]+-)?ld|collect2)[^/\]*( |$)]
  ignore line: [Change Dir: /home/lcrippa/tools/DMFTtools/build_new_cluster/CMakeFiles/CMakeTmp]
  ignore line: []
  ignore line: [Run Build Command(s):/usr/bin/gmake cmTC_777d6/fast && /usr/bin/gmake -f CMakeFiles/cmTC_777d6.dir/build.make CMakeFiles/cmTC_777d6.dir/build]
  ignore line: [gmake[1]: Entering directory `/home/lcrippa/tools/DMFTtools/build_new_cluster/CMakeFiles/CMakeTmp']
  ignore line: [Building Fortran object CMakeFiles/cmTC_777d6.dir/CMakeFortranCompilerABI.F.o]
  ignore line: [/opt/ohpc/pub/mpi/openmpi3-gnu8/3.1.4/bin/mpif90   -v -c /opt2/ohpc/pub/utils/cmake/3.15.4/share/cmake-3.15/Modules/CMakeFortranCompilerABI.F -o CMakeFiles/cmTC_777d6.dir/CMakeFortranCompilerABI.F.o]
  ignore line: [Using built-in specs.]
  ignore line: [COLLECT_GCC=/opt/ohpc/pub/compiler/gcc/8.3.0/bin/gfortran]
  ignore line: [Target: x86_64-pc-linux-gnu]
  ignore line: [Configured with: ../configure --disable-multilib --enable-languages=c,c++,fortran --prefix=/opt/ohpc/pub/compiler/gcc/8.3.0 --disable-static --enable-shared]
  ignore line: [Thread model: posix]
  ignore line: [gcc version 8.3.0 (GCC) ]
  ignore line: [COLLECT_GCC_OPTIONS='-v' '-c' '-o' 'CMakeFiles/cmTC_777d6.dir/CMakeFortranCompilerABI.F.o' '-I' '/opt/ohpc/pub/mpi/openmpi3-gnu8/3.1.4/include' '-pthread' '-I' '/opt/ohpc/pub/mpi/openmpi3-gnu8/3.1.4/lib' '-mtune=generic' '-march=x86-64']
  ignore line: [ /opt2/ohpc/pub/compiler/gcc/8.3.0/bin/../libexec/gcc/x86_64-pc-linux-gnu/8.3.0/f951 /opt2/ohpc/pub/utils/cmake/3.15.4/share/cmake-3.15/Modules/CMakeFortranCompilerABI.F -ffixed-form -cpp=/tmp/ccQ6SARI.f90 -quiet -v -I /opt/ohpc/pub/mpi/openmpi3-gnu8/3.1.4/include -I /opt/ohpc/pub/mpi/openmpi3-gnu8/3.1.4/lib -iprefix /opt2/ohpc/pub/compiler/gcc/8.3.0/bin/../lib/gcc/x86_64-pc-linux-gnu/8.3.0/ -D_REENTRANT /opt2/ohpc/pub/utils/cmake/3.15.4/share/cmake-3.15/Modules/CMakeFortranCompilerABI.F -quiet -dumpbase CMakeFortranCompilerABI.F -mtune=generic -march=x86-64 -auxbase-strip CMakeFiles/cmTC_777d6.dir/CMakeFortranCompilerABI.F.o -version -fintrinsic-modules-path /opt2/ohpc/pub/compiler/gcc/8.3.0/bin/../lib/gcc/x86_64-pc-linux-gnu/8.3.0/finclude -o /tmp/cc6P7hDl.s]
  ignore line: [GNU Fortran (GCC) version 8.3.0 (x86_64-pc-linux-gnu)]
  ignore line: [	compiled by GNU C version 8.3.0, GMP version 6.1.2, MPFR version 3.1.6, MPC version 1.0.3, isl version none]
  ignore line: [GGC heuristics: --param ggc-min-expand=100 --param ggc-min-heapsize=131072]
  ignore line: [ignoring nonexistent directory "/opt2/ohpc/pub/compiler/gcc/8.3.0/bin/../lib/gcc/x86_64-pc-linux-gnu/8.3.0/../../../../x86_64-pc-linux-gnu/include"]
  ignore line: [ignoring duplicate directory "/opt2/ohpc/pub/compiler/gcc/8.3.0/bin/../lib/gcc/../../lib/gcc/x86_64-pc-linux-gnu/8.3.0/include"]
  ignore line: [ignoring duplicate directory "/opt2/ohpc/pub/compiler/gcc/8.3.0/bin/../lib/gcc/../../lib/gcc/x86_64-pc-linux-gnu/8.3.0/include-fixed"]
  ignore line: [ignoring nonexistent directory "/opt2/ohpc/pub/compiler/gcc/8.3.0/bin/../lib/gcc/../../lib/gcc/x86_64-pc-linux-gnu/8.3.0/../../../../x86_64-pc-linux-gnu/include"]
  ignore line: [#include "..." search starts here:]
  ignore line: [#include <...> search starts here:]
  ignore line: [ /opt/ohpc/pub/mpi/openmpi3-gnu8/3.1.4/include]
  ignore line: [ /opt/ohpc/pub/mpi/openmpi3-gnu8/3.1.4/lib]
  ignore line: [ /opt2/ohpc/pub/compiler/gcc/8.3.0/bin/../lib/gcc/x86_64-pc-linux-gnu/8.3.0/finclude]
  ignore line: [ /opt2/ohpc/pub/compiler/gcc/8.3.0/bin/../lib/gcc/x86_64-pc-linux-gnu/8.3.0/include]
  ignore line: [ /opt2/ohpc/pub/compiler/gcc/8.3.0/bin/../lib/gcc/x86_64-pc-linux-gnu/8.3.0/include-fixed]
  ignore line: [ /usr/local/include]
  ignore line: [ /opt2/ohpc/pub/compiler/gcc/8.3.0/bin/../lib/gcc/../../include]
  ignore line: [ /usr/include]
  ignore line: [End of search list.]
  ignore line: [GNU Fortran2008 (GCC) version 8.3.0 (x86_64-pc-linux-gnu)]
  ignore line: [	compiled by GNU C version 8.3.0, GMP version 6.1.2, MPFR version 3.1.6, MPC version 1.0.3, isl version none]
  ignore line: [GGC heuristics: --param ggc-min-expand=100 --param ggc-min-heapsize=131072]
  ignore line: [COLLECT_GCC_OPTIONS='-v' '-c' '-o' 'CMakeFiles/cmTC_777d6.dir/CMakeFortranCompilerABI.F.o' '-I' '/opt/ohpc/pub/mpi/openmpi3-gnu8/3.1.4/include' '-pthread' '-I' '/opt/ohpc/pub/mpi/openmpi3-gnu8/3.1.4/lib' '-mtune=generic' '-march=x86-64']
  ignore line: [ as -v -I /opt/ohpc/pub/mpi/openmpi3-gnu8/3.1.4/include -I /opt/ohpc/pub/mpi/openmpi3-gnu8/3.1.4/lib --64 -o CMakeFiles/cmTC_777d6.dir/CMakeFortranCompilerABI.F.o /tmp/cc6P7hDl.s]
  ignore line: [GNU assembler version 2.27 (x86_64-redhat-linux) using BFD version version 2.27-41.base.el7]
  ignore line: [COMPILER_PATH=/opt2/ohpc/pub/compiler/gcc/8.3.0/bin/../libexec/gcc/x86_64-pc-linux-gnu/8.3.0/:/opt2/ohpc/pub/compiler/gcc/8.3.0/bin/../libexec/gcc/]
  ignore line: [LIBRARY_PATH=/opt2/ohpc/pub/compiler/gcc/8.3.0/bin/../lib/gcc/x86_64-pc-linux-gnu/8.3.0/:/opt2/ohpc/pub/compiler/gcc/8.3.0/bin/../lib/gcc/:/opt2/ohpc/pub/compiler/gcc/8.3.0/bin/../lib/gcc/x86_64-pc-linux-gnu/8.3.0/../../../../lib64/:/lib/../lib64/:/usr/lib/../lib64/:/home/lcrippa/opt/dmft_tools/gnu/for_slurm/1.2.13a-61-gaeda1d2/lib/:/home/lcrippa/opt/scifor/gnu/for_slurm/4.7.3/lib/:/opt2/ohpc/pub/compiler/gcc/8.3.0/bin/../lib/gcc/x86_64-pc-linux-gnu/8.3.0/../../../:/lib/:/usr/lib/]
  ignore line: [COLLECT_GCC_OPTIONS='-v' '-c' '-o' 'CMakeFiles/cmTC_777d6.dir/CMakeFortranCompilerABI.F.o' '-I' '/opt/ohpc/pub/mpi/openmpi3-gnu8/3.1.4/include' '-pthread' '-I' '/opt/ohpc/pub/mpi/openmpi3-gnu8/3.1.4/lib' '-mtune=generic' '-march=x86-64']
  ignore line: [Linking Fortran executable cmTC_777d6]
  ignore line: [/opt2/ohpc/pub/utils/cmake/3.15.4/bin/cmake -E cmake_link_script CMakeFiles/cmTC_777d6.dir/link.txt --verbose=1]
  ignore line: [/opt/ohpc/pub/mpi/openmpi3-gnu8/3.1.4/bin/mpif90   -v   CMakeFiles/cmTC_777d6.dir/CMakeFortranCompilerABI.F.o  -o cmTC_777d6 ]
  ignore line: [Driving: /opt/ohpc/pub/compiler/gcc/8.3.0/bin/gfortran -v CMakeFiles/cmTC_777d6.dir/CMakeFortranCompilerABI.F.o -o cmTC_777d6 -I/opt/ohpc/pub/mpi/openmpi3-gnu8/3.1.4/include -pthread -I/opt/ohpc/pub/mpi/openmpi3-gnu8/3.1.4/lib -Wl,-rpath -Wl,/opt/ohpc/pub/mpi/openmpi3-gnu8/3.1.4/lib -Wl,--enable-new-dtags -L/opt/ohpc/pub/mpi/openmpi3-gnu8/3.1.4/lib -lmpi_usempif08 -lmpi_usempi_ignore_tkr -lmpi_mpifh -lmpi -l gfortran -l m -shared-libgcc]
  ignore line: [Using built-in specs.]
  ignore line: [COLLECT_GCC=/opt/ohpc/pub/compiler/gcc/8.3.0/bin/gfortran]
  ignore line: [COLLECT_LTO_WRAPPER=/opt2/ohpc/pub/compiler/gcc/8.3.0/bin/../libexec/gcc/x86_64-pc-linux-gnu/8.3.0/lto-wrapper]
  ignore line: [Target: x86_64-pc-linux-gnu]
  ignore line: [Configured with: ../configure --disable-multilib --enable-languages=c,c++,fortran --prefix=/opt/ohpc/pub/compiler/gcc/8.3.0 --disable-static --enable-shared]
  ignore line: [Thread model: posix]
  ignore line: [gcc version 8.3.0 (GCC) ]
  ignore line: [Reading specs from /opt2/ohpc/pub/compiler/gcc/8.3.0/bin/../lib/gcc/x86_64-pc-linux-gnu/8.3.0/../../../../lib64/libgfortran.spec]
  ignore line: [rename spec lib to liborig]
  ignore line: [COLLECT_GCC_OPTIONS='-v' '-o' 'cmTC_777d6' '-I' '/opt/ohpc/pub/mpi/openmpi3-gnu8/3.1.4/include' '-pthread' '-I' '/opt/ohpc/pub/mpi/openmpi3-gnu8/3.1.4/lib' '-L/opt/ohpc/pub/mpi/openmpi3-gnu8/3.1.4/lib' '-shared-libgcc' '-mtune=generic' '-march=x86-64']
  ignore line: [COMPILER_PATH=/opt2/ohpc/pub/compiler/gcc/8.3.0/bin/../libexec/gcc/x86_64-pc-linux-gnu/8.3.0/:/opt2/ohpc/pub/compiler/gcc/8.3.0/bin/../libexec/gcc/]
  ignore line: [LIBRARY_PATH=/opt2/ohpc/pub/compiler/gcc/8.3.0/bin/../lib/gcc/x86_64-pc-linux-gnu/8.3.0/:/opt2/ohpc/pub/compiler/gcc/8.3.0/bin/../lib/gcc/:/opt2/ohpc/pub/compiler/gcc/8.3.0/bin/../lib/gcc/x86_64-pc-linux-gnu/8.3.0/../../../../lib64/:/lib/../lib64/:/usr/lib/../lib64/:/home/lcrippa/opt/dmft_tools/gnu/for_slurm/1.2.13a-61-gaeda1d2/lib/:/home/lcrippa/opt/scifor/gnu/for_slurm/4.7.3/lib/:/opt2/ohpc/pub/compiler/gcc/8.3.0/bin/../lib/gcc/x86_64-pc-linux-gnu/8.3.0/../../../:/lib/:/usr/lib/]
  ignore line: [COLLECT_GCC_OPTIONS='-v' '-o' 'cmTC_777d6' '-I' '/opt/ohpc/pub/mpi/openmpi3-gnu8/3.1.4/include' '-pthread' '-I' '/opt/ohpc/pub/mpi/openmpi3-gnu8/3.1.4/lib' '-L/opt/ohpc/pub/mpi/openmpi3-gnu8/3.1.4/lib' '-shared-libgcc' '-mtune=generic' '-march=x86-64']
  link line: [ /opt2/ohpc/pub/compiler/gcc/8.3.0/bin/../libexec/gcc/x86_64-pc-linux-gnu/8.3.0/collect2 -plugin /opt2/ohpc/pub/compiler/gcc/8.3.0/bin/../libexec/gcc/x86_64-pc-linux-gnu/8.3.0/liblto_plugin.so -plugin-opt=/opt2/ohpc/pub/compiler/gcc/8.3.0/bin/../libexec/gcc/x86_64-pc-linux-gnu/8.3.0/lto-wrapper -plugin-opt=-fresolution=/tmp/ccLgUM4L.res -plugin-opt=-pass-through=-lgcc_s -plugin-opt=-pass-through=-lgcc -plugin-opt=-pass-through=-lquadmath -plugin-opt=-pass-through=-lm -plugin-opt=-pass-through=-lgcc_s -plugin-opt=-pass-through=-lgcc -plugin-opt=-pass-through=-lpthread -plugin-opt=-pass-through=-lc -plugin-opt=-pass-through=-lgcc_s -plugin-opt=-pass-through=-lgcc --eh-frame-hdr -m elf_x86_64 -dynamic-linker /lib64/ld-linux-x86-64.so.2 -o cmTC_777d6 /lib/../lib64/crt1.o /lib/../lib64/crti.o /opt2/ohpc/pub/compiler/gcc/8.3.0/bin/../lib/gcc/x86_64-pc-linux-gnu/8.3.0/crtbegin.o -L/opt/ohpc/pub/mpi/openmpi3-gnu8/3.1.4/lib -L/opt2/ohpc/pub/compiler/gcc/8.3.0/bin/../lib/gcc/x86_64-pc-linux-gnu/8.3.0 -L/opt2/ohpc/pub/compiler/gcc/8.3.0/bin/../lib/gcc -L/opt2/ohpc/pub/compiler/gcc/8.3.0/bin/../lib/gcc/x86_64-pc-linux-gnu/8.3.0/../../../../lib64 -L/lib/../lib64 -L/usr/lib/../lib64 -L/home/lcrippa/opt/dmft_tools/gnu/for_slurm/1.2.13a-61-gaeda1d2/lib -L/home/lcrippa/opt/scifor/gnu/for_slurm/4.7.3/lib -L/opt2/ohpc/pub/compiler/gcc/8.3.0/bin/../lib/gcc/x86_64-pc-linux-gnu/8.3.0/../../.. CMakeFiles/cmTC_777d6.dir/CMakeFortranCompilerABI.F.o -rpath /opt/ohpc/pub/mpi/openmpi3-gnu8/3.1.4/lib --enable-new-dtags -lmpi_usempif08 -lmpi_usempi_ignore_tkr -lmpi_mpifh -lmpi -lgfortran -lm -lgcc_s -lgcc -lquadmath -lm -lgcc_s -lgcc -lpthread -lc -lgcc_s -lgcc /opt2/ohpc/pub/compiler/gcc/8.3.0/bin/../lib/gcc/x86_64-pc-linux-gnu/8.3.0/crtend.o /lib/../lib64/crtn.o]
    arg [/opt2/ohpc/pub/compiler/gcc/8.3.0/bin/../libexec/gcc/x86_64-pc-linux-gnu/8.3.0/collect2] ==> ignore
    arg [-plugin] ==> ignore
    arg [/opt2/ohpc/pub/compiler/gcc/8.3.0/bin/../libexec/gcc/x86_64-pc-linux-gnu/8.3.0/liblto_plugin.so] ==> ignore
    arg [-plugin-opt=/opt2/ohpc/pub/compiler/gcc/8.3.0/bin/../libexec/gcc/x86_64-pc-linux-gnu/8.3.0/lto-wrapper] ==> ignore
    arg [-plugin-opt=-fresolution=/tmp/ccLgUM4L.res] ==> ignore
    arg [-plugin-opt=-pass-through=-lgcc_s] ==> ignore
    arg [-plugin-opt=-pass-through=-lgcc] ==> ignore
    arg [-plugin-opt=-pass-through=-lquadmath] ==> ignore
    arg [-plugin-opt=-pass-through=-lm] ==> ignore
    arg [-plugin-opt=-pass-through=-lgcc_s] ==> ignore
    arg [-plugin-opt=-pass-through=-lgcc] ==> ignore
    arg [-plugin-opt=-pass-through=-lpthread] ==> ignore
    arg [-plugin-opt=-pass-through=-lc] ==> ignore
    arg [-plugin-opt=-pass-through=-lgcc_s] ==> ignore
    arg [-plugin-opt=-pass-through=-lgcc] ==> ignore
    arg [--eh-frame-hdr] ==> ignore
    arg [-m] ==> ignore
    arg [elf_x86_64] ==> ignore
    arg [-dynamic-linker] ==> ignore
    arg [/lib64/ld-linux-x86-64.so.2] ==> ignore
    arg [-o] ==> ignore
    arg [cmTC_777d6] ==> ignore
    arg [/lib/../lib64/crt1.o] ==> ignore
    arg [/lib/../lib64/crti.o] ==> ignore
    arg [/opt2/ohpc/pub/compiler/gcc/8.3.0/bin/../lib/gcc/x86_64-pc-linux-gnu/8.3.0/crtbegin.o] ==> ignore
    arg [-L/opt/ohpc/pub/mpi/openmpi3-gnu8/3.1.4/lib] ==> dir [/opt/ohpc/pub/mpi/openmpi3-gnu8/3.1.4/lib]
    arg [-L/opt2/ohpc/pub/compiler/gcc/8.3.0/bin/../lib/gcc/x86_64-pc-linux-gnu/8.3.0] ==> dir [/opt2/ohpc/pub/compiler/gcc/8.3.0/bin/../lib/gcc/x86_64-pc-linux-gnu/8.3.0]
    arg [-L/opt2/ohpc/pub/compiler/gcc/8.3.0/bin/../lib/gcc] ==> dir [/opt2/ohpc/pub/compiler/gcc/8.3.0/bin/../lib/gcc]
    arg [-L/opt2/ohpc/pub/compiler/gcc/8.3.0/bin/../lib/gcc/x86_64-pc-linux-gnu/8.3.0/../../../../lib64] ==> dir [/opt2/ohpc/pub/compiler/gcc/8.3.0/bin/../lib/gcc/x86_64-pc-linux-gnu/8.3.0/../../../../lib64]
    arg [-L/lib/../lib64] ==> dir [/lib/../lib64]
    arg [-L/usr/lib/../lib64] ==> dir [/usr/lib/../lib64]
    arg [-L/home/lcrippa/opt/dmft_tools/gnu/for_slurm/1.2.13a-61-gaeda1d2/lib] ==> dir [/home/lcrippa/opt/dmft_tools/gnu/for_slurm/1.2.13a-61-gaeda1d2/lib]
    arg [-L/home/lcrippa/opt/scifor/gnu/for_slurm/4.7.3/lib] ==> dir [/home/lcrippa/opt/scifor/gnu/for_slurm/4.7.3/lib]
    arg [-L/opt2/ohpc/pub/compiler/gcc/8.3.0/bin/../lib/gcc/x86_64-pc-linux-gnu/8.3.0/../../..] ==> dir [/opt2/ohpc/pub/compiler/gcc/8.3.0/bin/../lib/gcc/x86_64-pc-linux-gnu/8.3.0/../../..]
    arg [CMakeFiles/cmTC_777d6.dir/CMakeFortranCompilerABI.F.o] ==> ignore
    arg [-rpath] ==> ignore
    arg [/opt/ohpc/pub/mpi/openmpi3-gnu8/3.1.4/lib] ==> ignore
    arg [--enable-new-dtags] ==> ignore
    arg [-lmpi_usempif08] ==> lib [mpi_usempif08]
    arg [-lmpi_usempi_ignore_tkr] ==> lib [mpi_usempi_ignore_tkr]
    arg [-lmpi_mpifh] ==> lib [mpi_mpifh]
    arg [-lmpi] ==> lib [mpi]
    arg [-lgfortran] ==> lib [gfortran]
    arg [-lm] ==> lib [m]
    arg [-lgcc_s] ==> lib [gcc_s]
    arg [-lgcc] ==> lib [gcc]
    arg [-lquadmath] ==> lib [quadmath]
    arg [-lm] ==> lib [m]
    arg [-lgcc_s] ==> lib [gcc_s]
    arg [-lgcc] ==> lib [gcc]
    arg [-lpthread] ==> lib [pthread]
    arg [-lc] ==> lib [c]
    arg [-lgcc_s] ==> lib [gcc_s]
    arg [-lgcc] ==> lib [gcc]
    arg [/opt2/ohpc/pub/compiler/gcc/8.3.0/bin/../lib/gcc/x86_64-pc-linux-gnu/8.3.0/crtend.o] ==> ignore
    arg [/lib/../lib64/crtn.o] ==> ignore
  collapse library dir [/opt/ohpc/pub/mpi/openmpi3-gnu8/3.1.4/lib] ==> [/opt/ohpc/pub/mpi/openmpi3-gnu8/3.1.4/lib]
  collapse library dir [/opt2/ohpc/pub/compiler/gcc/8.3.0/bin/../lib/gcc/x86_64-pc-linux-gnu/8.3.0] ==> [/opt2/ohpc/pub/compiler/gcc/8.3.0/lib/gcc/x86_64-pc-linux-gnu/8.3.0]
  collapse library dir [/opt2/ohpc/pub/compiler/gcc/8.3.0/bin/../lib/gcc] ==> [/opt2/ohpc/pub/compiler/gcc/8.3.0/lib/gcc]
  collapse library dir [/opt2/ohpc/pub/compiler/gcc/8.3.0/bin/../lib/gcc/x86_64-pc-linux-gnu/8.3.0/../../../../lib64] ==> [/opt2/ohpc/pub/compiler/gcc/8.3.0/lib64]
  collapse library dir [/lib/../lib64] ==> [/lib64]
  collapse library dir [/usr/lib/../lib64] ==> [/usr/lib64]
  collapse library dir [/home/lcrippa/opt/dmft_tools/gnu/for_slurm/1.2.13a-61-gaeda1d2/lib] ==> [/home/lcrippa/opt/dmft_tools/gnu/for_slurm/1.2.13a-61-gaeda1d2/lib]
  collapse library dir [/home/lcrippa/opt/scifor/gnu/for_slurm/4.7.3/lib] ==> [/home/lcrippa/opt/scifor/gnu/for_slurm/4.7.3/lib]
  collapse library dir [/opt2/ohpc/pub/compiler/gcc/8.3.0/bin/../lib/gcc/x86_64-pc-linux-gnu/8.3.0/../../..] ==> [/opt2/ohpc/pub/compiler/gcc/8.3.0/lib]
  implicit libs: [mpi_usempif08;mpi_usempi_ignore_tkr;mpi_mpifh;mpi;gfortran;m;gcc_s;gcc;quadmath;m;gcc_s;gcc;pthread;c;gcc_s;gcc]
  implicit dirs: [/opt/ohpc/pub/mpi/openmpi3-gnu8/3.1.4/lib;/opt2/ohpc/pub/compiler/gcc/8.3.0/lib/gcc/x86_64-pc-linux-gnu/8.3.0;/opt2/ohpc/pub/compiler/gcc/8.3.0/lib/gcc;/opt2/ohpc/pub/compiler/gcc/8.3.0/lib64;/lib64;/usr/lib64;/home/lcrippa/opt/dmft_tools/gnu/for_slurm/1.2.13a-61-gaeda1d2/lib;/home/lcrippa/opt/scifor/gnu/for_slurm/4.7.3/lib;/opt2/ohpc/pub/compiler/gcc/8.3.0/lib]
  implicit fwks: []


Determining if the Fortran compiler supports Fortran 90 passed with the following output:
Change Dir: /home/lcrippa/tools/DMFTtools/build_new_cluster/CMakeFiles/CMakeTmp

Run Build Command(s):/usr/bin/gmake cmTC_63179/fast && /usr/bin/gmake -f CMakeFiles/cmTC_63179.dir/build.make CMakeFiles/cmTC_63179.dir/build
gmake[1]: Entering directory `/home/lcrippa/tools/DMFTtools/build_new_cluster/CMakeFiles/CMakeTmp'
Building Fortran object CMakeFiles/cmTC_63179.dir/testFortranCompilerF90.f90.o
/opt/ohpc/pub/mpi/openmpi3-gnu8/3.1.4/bin/mpif90    -c /home/lcrippa/tools/DMFTtools/build_new_cluster/CMakeFiles/CMakeTmp/testFortranCompilerF90.f90 -o CMakeFiles/cmTC_63179.dir/testFortranCompilerF90.f90.o
Linking Fortran executable cmTC_63179
/opt2/ohpc/pub/utils/cmake/3.15.4/bin/cmake -E cmake_link_script CMakeFiles/cmTC_63179.dir/link.txt --verbose=1
/opt/ohpc/pub/mpi/openmpi3-gnu8/3.1.4/bin/mpif90      CMakeFiles/cmTC_63179.dir/testFortranCompilerF90.f90.o  -o cmTC_63179 
gmake[1]: Leaving directory `/home/lcrippa/tools/DMFTtools/build_new_cluster/CMakeFiles/CMakeTmp'



